<?xml version="1.0" encoding="UTF-8"?>
<testng-results ignored="0" total="2" passed="2" failed="0" skipped="0">
  <reporter-output>
  </reporter-output>
  <suite started-at="2025-05-06T18:48:16 IST" name="Surefire suite" finished-at="2025-05-06T18:48:20 IST" duration-ms="4208">
    <groups>
    </groups>
    <test started-at="2025-05-06T18:48:16 IST" name="Surefire test" finished-at="2025-05-06T18:48:20 IST" duration-ms="4208">
      <class name="FirstTest">
        <test-method signature="f1()[pri:0, instance:FirstTest@46f699d5]" started-at="2025-05-06T18:48:16 IST" name="f1" finished-at="2025-05-06T18:48:17 IST" duration-ms="916" status="PASS">
          <reporter-output>
          </reporter-output>
        </test-method> <!-- f1 -->
        <test-method signature="f2()[pri:0, instance:FirstTest@46f699d5]" started-at="2025-05-06T18:48:17 IST" name="f2" finished-at="2025-05-06T18:48:20 IST" duration-ms="3241" status="PASS">
          <reporter-output>
          </reporter-output>
        </test-method> <!-- f2 -->
      </class> <!-- FirstTest -->
    </test> <!-- Surefire test -->
  </suite> <!-- Surefire suite -->
</testng-results>
