<?xml version="1.0" encoding="UTF-8"?>
<testng-results ignored="0" total="4" passed="4" failed="0" skipped="0">
  <reporter-output>
  </reporter-output>
  <suite started-at="2025-07-10T14:16:55 IST" name="Default suite" finished-at="2025-07-10T14:17:10 IST" duration-ms="15429">
    <groups>
    </groups>
    <test started-at="2025-07-10T14:16:55 IST" name="Default test" finished-at="2025-07-10T14:17:10 IST" duration-ms="15429">
      <class name="Assignment11">
        <test-method is-config="true" signature="TestUrl()[pri:0, instance:Assignment11@f415a95]" started-at="2025-07-10T14:16:55 IST" name="TestUrl" finished-at="2025-07-10T14:16:57 IST" duration-ms="1801" status="PASS">
          <reporter-output>
          </reporter-output>
        </test-method> <!-- TestUrl -->
        <test-method signature="TestCaseOne()[pri:1, instance:Assignment11@f415a95]" started-at="2025-07-10T14:16:57 IST" name="TestCaseOne" finished-at="2025-07-10T14:17:03 IST" duration-ms="6083" status="PASS">
          <reporter-output>
          </reporter-output>
        </test-method> <!-- TestCaseOne -->
        <test-method signature="TestCaseTwo()[pri:2, instance:Assignment11@f415a95]" started-at="2025-07-10T14:17:03 IST" name="TestCaseTwo" finished-at="2025-07-10T14:17:07 IST" duration-ms="4116" status="PASS">
          <reporter-output>
          </reporter-output>
        </test-method> <!-- TestCaseTwo -->
        <test-method signature="Test()[pri:3, instance:Assignment11@f415a95]" started-at="2025-07-10T14:17:07 IST" name="Test" finished-at="2025-07-10T14:17:10 IST" duration-ms="2714" status="PASS">
          <reporter-output>
          </reporter-output>
        </test-method> <!-- Test -->
        <test-method signature="test()[pri:4, instance:Assignment11@f415a95]" started-at="2025-07-10T14:17:10 IST" name="test" finished-at="2025-07-10T14:17:10 IST" duration-ms="561" status="PASS">
          <reporter-output>
          </reporter-output>
        </test-method> <!-- test -->
        <test-method is-config="true" signature="Close()[pri:0, instance:Assignment11@f415a95]" started-at="2025-07-10T14:17:10 IST" name="Close" finished-at="2025-07-10T14:17:10 IST" duration-ms="80" status="PASS">
          <reporter-output>
          </reporter-output>
        </test-method> <!-- Close -->
      </class> <!-- Assignment11 -->
    </test> <!-- Default test -->
  </suite> <!-- Default suite -->
</testng-results>
