<?xml version="1.0" encoding="UTF-8"?>
<testng-results ignored="0" total="1" passed="1" failed="0" skipped="0">
  <reporter-output>
  </reporter-output>
  <suite started-at="2025-07-01T16:54:12 IST" name="Default suite" finished-at="2025-07-01T16:54:19 IST" duration-ms="6950">
    <groups>
    </groups>
    <test started-at="2025-07-01T16:54:12 IST" name="Default test" finished-at="2025-07-01T16:54:19 IST" duration-ms="6950">
      <class name="Rahuldropdownandsuggestion">
        <test-method is-config="true" signature="setUp()[pri:0, instance:Rahuldropdownandsuggestion@70cf32e3]" started-at="2025-07-01T16:54:12 IST" name="setUp" finished-at="2025-07-01T16:54:17 IST" duration-ms="4313" status="PASS">
          <reporter-output>
          </reporter-output>
        </test-method> <!-- setUp -->
        <test-method signature="handleAutoSuggestionBox()[pri:1, instance:Rahuldropdownandsuggestion@70cf32e3]" started-at="2025-07-01T16:54:17 IST" name="handleAutoSuggestionBox" finished-at="2025-07-01T16:54:19 IST" duration-ms="2325" status="PASS">
          <reporter-output>
          </reporter-output>
        </test-method> <!-- handleAutoSuggestionBox -->
        <test-method is-config="true" signature="tearDown()[pri:0, instance:Rahuldropdownandsuggestion@70cf32e3]" started-at="2025-07-01T16:54:19 IST" name="tearDown" finished-at="2025-07-01T16:54:19 IST" duration-ms="260" status="PASS">
          <reporter-output>
          </reporter-output>
        </test-method> <!-- tearDown -->
      </class> <!-- Rahuldropdownandsuggestion -->
    </test> <!-- Default test -->
  </suite> <!-- Default suite -->
</testng-results>
